<?xml version="1.0" encoding="UTF-8"?>
<!-- Generated by org.testng.reporters.JUnitXMLReporter -->
<testsuite hostname="tmzzs-Air.fios-router.home" ignored="3" name="Regression Test" tests="5" failures="0" timestamp="2020-06-01T21:35:38 EDT" time="73.575" errors="0">
  <testcase name="emptyUsernameLogin" time="0.423" classname="com.hrms.testcases.LoginTest"/>
  <testcase name="invalidPasswordLogin" time="1.218" classname="com.hrms.testcases.LoginTest"/>
  <testcase name="addEmployeeDataProviding" time="17.419" classname="com.hrms.testcases.AddEmployeeTest"/>
  <testcase name="addEmployeeDataProviding" time="16.24" classname="com.hrms.testcases.AddEmployeeTest"/>
  <testcase name="addEmployeeDataProviding" time="16.862" classname="com.hrms.testcases.AddEmployeeTest"/>
  <testcase name="@BeforeTest generateReport" time="0.0" classname="com.hrms.testbase.BaseClass">
    <ignored/>
  </testcase> <!-- @BeforeTest generateReport -->
  <testcase name="@AfterTest writeReport" time="0.0" classname="com.hrms.testbase.BaseClass">
    <ignored/>
  </testcase> <!-- @AfterTest writeReport -->
  <testcase name="validAdminLogin" time="0.0" classname="com.hrms.testcases.LoginTest">
    <ignored/>
  </testcase> <!-- validAdminLogin -->
</testsuite> <!-- Regression Test -->
