<?xml version="1.0" encoding="UTF-8"?>
<!-- Generated by org.testng.reporters.JUnitXMLReporter -->
<testsuite hostname="tmzzs-Air.fios-router.home" ignored="2" name="Smoke Test" tests="2" failures="0" timestamp="2020-05-30T22:23:08 EDT" time="6.689" errors="0">
  <testcase name="addEmployeeDataProviding" time="0.0" classname="com.hrms.testcases.HRMAddEmployee_DataProvide">
    <skipped/>
  </testcase> <!-- addEmployeeDataProviding -->
  <testcase name="validAdminLogin" time="2.524" classname="com.hrms.testcases.LoginTest"/>
  <testcase name="invalidPasswordLogin" time="0.0" classname="com.hrms.testcases.LoginTest">
    <ignored/>
  </testcase> <!-- invalidPasswordLogin -->
  <testcase name="emptyUsernameLogin" time="0.0" classname="com.hrms.testcases.LoginTest">
    <ignored/>
  </testcase> <!-- emptyUsernameLogin -->
</testsuite> <!-- Smoke Test -->
