<?xml version="1.0" encoding="UTF-8"?>
<!-- Generated by org.testng.reporters.JUnitXMLReporter -->
<testsuite hostname="tmzzs-Air.fios-router.home" ignored="3" name="Regression Test" tests="5" failures="0" timestamp="2020-06-02T21:05:32 EDT" time="95.973" errors="0">
  <testcase name="emptyUsernameLogin" time="0.448" classname="com.hrms.testcases.LoginTest"/>
  <testcase name="invalidPasswordLogin" time="2.91" classname="com.hrms.testcases.LoginTest"/>
  <testcase name="addEmployeeDataProviding" time="27.182" classname="com.hrms.testcases.AddEmployeeTest"/>
  <testcase name="addEmployeeDataProviding" time="20.709" classname="com.hrms.testcases.AddEmployeeTest"/>
  <testcase name="addEmployeeDataProviding" time="21.796" classname="com.hrms.testcases.AddEmployeeTest"/>
  <testcase name="@BeforeTest generateReport" time="0.0" classname="com.hrms.testbase.BaseClass">
    <ignored/>
  </testcase> <!-- @BeforeTest generateReport -->
  <testcase name="@AfterTest writeReport" time="0.0" classname="com.hrms.testbase.BaseClass">
    <ignored/>
  </testcase> <!-- @AfterTest writeReport -->
  <testcase name="validAdminLogin" time="0.0" classname="com.hrms.testcases.LoginTest">
    <ignored/>
  </testcase> <!-- validAdminLogin -->
</testsuite> <!-- Regression Test -->
