<?xml version="1.0" encoding="UTF-8"?>
<testng-results skipped="0" failed="0" ignored="3" total="8" passed="5">
  <reporter-output>
  </reporter-output>
  <suite name="Suite" duration-ms="73575" started-at="2020-06-01T21:34:25 EDT" finished-at="2020-06-01T21:35:38 EDT">
    <groups>
      <group name="addEmp">
        <method signature="AddEmployeeTest.addEmployeeDataProviding(java.lang.String, java.lang.String, java.lang.String, java.lang.String)[pri:0, instance:com.hrms.testcases.AddEmployeeTest@69a3d1d]" name="addEmployeeDataProviding" class="com.hrms.testcases.AddEmployeeTest"/>
      </group> <!-- addEmp -->
      <group name="homework">
        <method signature="AddEmployeeTest.addEmployeeDataProviding(java.lang.String, java.lang.String, java.lang.String, java.lang.String)[pri:0, instance:com.hrms.testcases.AddEmployeeTest@69a3d1d]" name="addEmployeeDataProviding" class="com.hrms.testcases.AddEmployeeTest"/>
      </group> <!-- homework -->
      <group name="regression">
        <method signature="AddEmployeeTest.addEmployeeDataProviding(java.lang.String, java.lang.String, java.lang.String, java.lang.String)[pri:0, instance:com.hrms.testcases.AddEmployeeTest@69a3d1d]" name="addEmployeeDataProviding" class="com.hrms.testcases.AddEmployeeTest"/>
        <method signature="LoginTest.emptyUsernameLogin()[pri:0, instance:com.hrms.testcases.LoginTest@76b0bfab]" name="emptyUsernameLogin" class="com.hrms.testcases.LoginTest"/>
        <method signature="LoginTest.invalidPasswordLogin()[pri:0, instance:com.hrms.testcases.LoginTest@76b0bfab]" name="invalidPasswordLogin" class="com.hrms.testcases.LoginTest"/>
      </group> <!-- regression -->
    </groups>
    <test name="Regression Test" duration-ms="73575" started-at="2020-06-01T21:34:25 EDT" finished-at="2020-06-01T21:35:38 EDT">
      <class name="com.hrms.testcases.LoginTest">
        <test-method status="PASS" signature="generateReport()[pri:0, instance:com.hrms.testcases.LoginTest@76b0bfab]" name="generateReport" is-config="true" duration-ms="128" started-at="2020-06-01T21:34:25 EDT" finished-at="2020-06-01T21:34:25 EDT">
          <reporter-output>
          </reporter-output>
        </test-method> <!-- generateReport -->
        <test-method status="PASS" signature="setUp()[pri:0, instance:com.hrms.testcases.LoginTest@76b0bfab]" name="setUp" is-config="true" duration-ms="4158" started-at="2020-06-01T21:34:25 EDT" finished-at="2020-06-01T21:34:29 EDT">
          <reporter-output>
          </reporter-output>
        </test-method> <!-- setUp -->
        <test-method status="PASS" signature="emptyUsernameLogin()[pri:0, instance:com.hrms.testcases.LoginTest@76b0bfab]" name="emptyUsernameLogin" duration-ms="423" started-at="2020-06-01T21:34:29 EDT" finished-at="2020-06-01T21:34:30 EDT">
          <reporter-output>
          </reporter-output>
        </test-method> <!-- emptyUsernameLogin -->
        <test-method status="PASS" signature="tearDown()[pri:0, instance:com.hrms.testcases.LoginTest@76b0bfab]" name="tearDown" is-config="true" duration-ms="177" started-at="2020-06-01T21:34:30 EDT" finished-at="2020-06-01T21:34:30 EDT">
          <reporter-output>
          </reporter-output>
        </test-method> <!-- tearDown -->
        <test-method status="PASS" signature="setUp()[pri:0, instance:com.hrms.testcases.LoginTest@76b0bfab]" name="setUp" is-config="true" duration-ms="2688" started-at="2020-06-01T21:34:30 EDT" finished-at="2020-06-01T21:34:33 EDT">
          <reporter-output>
          </reporter-output>
        </test-method> <!-- setUp -->
        <test-method status="PASS" signature="invalidPasswordLogin()[pri:0, instance:com.hrms.testcases.LoginTest@76b0bfab]" name="invalidPasswordLogin" duration-ms="1218" started-at="2020-06-01T21:34:33 EDT" finished-at="2020-06-01T21:34:34 EDT">
          <reporter-output>
          </reporter-output>
        </test-method> <!-- invalidPasswordLogin -->
        <test-method status="PASS" signature="tearDown()[pri:0, instance:com.hrms.testcases.LoginTest@76b0bfab]" name="tearDown" is-config="true" duration-ms="186" started-at="2020-06-01T21:34:35 EDT" finished-at="2020-06-01T21:34:35 EDT">
          <reporter-output>
          </reporter-output>
        </test-method> <!-- tearDown -->
        <test-method status="PASS" signature="writeReport()[pri:0, instance:com.hrms.testcases.LoginTest@76b0bfab]" name="writeReport" is-config="true" duration-ms="416" started-at="2020-06-01T21:35:38 EDT" finished-at="2020-06-01T21:35:38 EDT">
          <reporter-output>
          </reporter-output>
        </test-method> <!-- writeReport -->
      </class> <!-- com.hrms.testcases.LoginTest -->
      <class name="com.hrms.testcases.AddEmployeeTest">
        <test-method status="PASS" signature="setUp()[pri:0, instance:com.hrms.testcases.AddEmployeeTest@69a3d1d]" name="setUp" is-config="true" duration-ms="3799" started-at="2020-06-01T21:34:35 EDT" finished-at="2020-06-01T21:34:39 EDT">
          <reporter-output>
          </reporter-output>
        </test-method> <!-- setUp -->
        <test-method status="PASS" signature="addEmployeeDataProviding(java.lang.String, java.lang.String, java.lang.String, java.lang.String)[pri:0, instance:com.hrms.testcases.AddEmployeeTest@69a3d1d]" name="addEmployeeDataProviding" duration-ms="17419" started-at="2020-06-01T21:34:39 EDT" data-provider="userData" finished-at="2020-06-01T21:34:56 EDT">
          <params>
            <param index="0">
              <value>
                <![CDATA[Kobe_1]]>
              </value>
            </param>
            <param index="1">
              <value>
                <![CDATA[Byrant_1]]>
              </value>
            </param>
            <param index="2">
              <value>
                <![CDATA[KobeBraynt_1]]>
              </value>
            </param>
            <param index="3">
              <value>
                <![CDATA[Hum@nhrm123]]>
              </value>
            </param>
          </params>
          <reporter-output>
          </reporter-output>
        </test-method> <!-- addEmployeeDataProviding -->
        <test-method status="PASS" signature="tearDown()[pri:0, instance:com.hrms.testcases.AddEmployeeTest@69a3d1d]" name="tearDown" is-config="true" duration-ms="168" started-at="2020-06-01T21:34:57 EDT" finished-at="2020-06-01T21:34:57 EDT">
          <reporter-output>
          </reporter-output>
        </test-method> <!-- tearDown -->
        <test-method status="PASS" signature="setUp()[pri:0, instance:com.hrms.testcases.AddEmployeeTest@69a3d1d]" name="setUp" is-config="true" duration-ms="3205" started-at="2020-06-01T21:34:57 EDT" finished-at="2020-06-01T21:35:00 EDT">
          <reporter-output>
          </reporter-output>
        </test-method> <!-- setUp -->
        <test-method status="PASS" signature="addEmployeeDataProviding(java.lang.String, java.lang.String, java.lang.String, java.lang.String)[pri:0, instance:com.hrms.testcases.AddEmployeeTest@69a3d1d]" name="addEmployeeDataProviding" duration-ms="16240" started-at="2020-06-01T21:35:00 EDT" data-provider="userData" finished-at="2020-06-01T21:35:16 EDT">
          <params>
            <param index="0">
              <value>
                <![CDATA[Kobe_2]]>
              </value>
            </param>
            <param index="1">
              <value>
                <![CDATA[Byrant_2]]>
              </value>
            </param>
            <param index="2">
              <value>
                <![CDATA[KobeBraynt_2]]>
              </value>
            </param>
            <param index="3">
              <value>
                <![CDATA[Hum@nhrm123]]>
              </value>
            </param>
          </params>
          <reporter-output>
          </reporter-output>
        </test-method> <!-- addEmployeeDataProviding -->
        <test-method status="PASS" signature="tearDown()[pri:0, instance:com.hrms.testcases.AddEmployeeTest@69a3d1d]" name="tearDown" is-config="true" duration-ms="151" started-at="2020-06-01T21:35:17 EDT" finished-at="2020-06-01T21:35:17 EDT">
          <reporter-output>
          </reporter-output>
        </test-method> <!-- tearDown -->
        <test-method status="PASS" signature="setUp()[pri:0, instance:com.hrms.testcases.AddEmployeeTest@69a3d1d]" name="setUp" is-config="true" duration-ms="3322" started-at="2020-06-01T21:35:17 EDT" finished-at="2020-06-01T21:35:20 EDT">
          <reporter-output>
          </reporter-output>
        </test-method> <!-- setUp -->
        <test-method status="PASS" signature="addEmployeeDataProviding(java.lang.String, java.lang.String, java.lang.String, java.lang.String)[pri:0, instance:com.hrms.testcases.AddEmployeeTest@69a3d1d]" name="addEmployeeDataProviding" duration-ms="16862" started-at="2020-06-01T21:35:20 EDT" data-provider="userData" finished-at="2020-06-01T21:35:37 EDT">
          <params>
            <param index="0">
              <value>
                <![CDATA[Kobe_3]]>
              </value>
            </param>
            <param index="1">
              <value>
                <![CDATA[Byrant_3]]>
              </value>
            </param>
            <param index="2">
              <value>
                <![CDATA[KobeBraynt_3]]>
              </value>
            </param>
            <param index="3">
              <value>
                <![CDATA[Hum@nhrm123]]>
              </value>
            </param>
          </params>
          <reporter-output>
          </reporter-output>
        </test-method> <!-- addEmployeeDataProviding -->
        <test-method status="PASS" signature="tearDown()[pri:0, instance:com.hrms.testcases.AddEmployeeTest@69a3d1d]" name="tearDown" is-config="true" duration-ms="160" started-at="2020-06-01T21:35:38 EDT" finished-at="2020-06-01T21:35:38 EDT">
          <reporter-output>
          </reporter-output>
        </test-method> <!-- tearDown -->
      </class> <!-- com.hrms.testcases.AddEmployeeTest -->
    </test> <!-- Regression Test -->
  </suite> <!-- Suite -->
</testng-results>
